Using pre-set license
Built from '2020.3/staging' branch; Version is '2020.3.14f1 (d0d1bb862f9d) revision 13685179'; Using compiler version '192528614'; Build Type 'Release'
OS: 'Windows 10 Home; OS build 19042.1466; Version 2009; 64bit' Language: 'de' Physical Memory: 65481 MB
BatchMode: 1, IsHumanControllingUs: 0, StartBugReporterOnCrash: 0, Is64bit: 1, IsPro: 0

 COMMAND LINE ARGUMENTS:
C:\Program Files\Unity\Hub\Editor\2020.3.14f1\Editor\Unity.exe
-adb2
-batchMode
-noUpm
-name
AssetImportWorker0
-projectPath
C:/Users/Max/Documents/GitHub/Get it Together/Get-it-Together
-logFile
Logs/AssetImportWorker0.log
-srvPort
54178
Successfully changed project path to: C:/Users/Max/Documents/GitHub/Get it Together/Get-it-Together
C:/Users/Max/Documents/GitHub/Get it Together/Get-it-Together
Using Asset Import Pipeline V2.
Refreshing native plugins compatible for Editor in 107.52 ms, found 3 plugins.
Preloading 0 native plugins for Editor in 0.00 ms.
Initialize engine version: 2020.3.14f1 (d0d1bb862f9d)
[Subsystems] Discovering subsystems at path C:/Program Files/Unity/Hub/Editor/2020.3.14f1/Editor/Data/Resources/UnitySubsystems
[Subsystems] Discovering subsystems at path C:/Users/Max/Documents/GitHub/Get it Together/Get-it-Together/Assets
GfxDevice: creating device client; threaded=0
Direct3D:
    Version:  Direct3D 11.0 [level 11.1]
    Renderer: NVIDIA GeForce RTX 3080 (ID=0x2206)
    Vendor:   
    VRAM:     10077 MB
    Driver:   30.0.15.1117
Shader 'Universal Render Pipeline/Particles/Lit': fallback shader 'Universal Render Pipeline/Particles/SimpleLit' not found
Shader 'MoreMountains/MMRipple': fallback shader 'Particle/AlphaBlended' not found
Initialize mono
Mono path[0] = 'C:/Program Files/Unity/Hub/Editor/2020.3.14f1/Editor/Data/Managed'
Mono path[1] = 'C:/Program Files/Unity/Hub/Editor/2020.3.14f1/Editor/Data/MonoBleedingEdge/lib/mono/unityjit'
Mono config path = 'C:/Program Files/Unity/Hub/Editor/2020.3.14f1/Editor/Data/MonoBleedingEdge/etc'
Using monoOptions --debugger-agent=transport=dt_socket,embedding=1,server=y,suspend=n,address=127.0.0.1:56512
Begin MonoManager ReloadAssembly
Registering precompiled unity dll's ...
Register platform support module: C:/Program Files/Unity/Hub/Editor/2020.3.14f1/Editor/Data/PlaybackEngines/WebGLSupport/UnityEditor.WebGL.Extensions.dll
Register platform support module: C:/Program Files/Unity/Hub/Editor/2020.3.14f1/Editor/Data/PlaybackEngines/WindowsStandaloneSupport/UnityEditor.WindowsStandalone.Extensions.dll
Registered in 0.001835 seconds.
Native extension for WindowsStandalone target not found
Native extension for WebGL target not found
Refreshing native plugins compatible for Editor in 101.04 ms, found 3 plugins.
Preloading 0 native plugins for Editor in 0.00 ms.
Mono: successfully reloaded assembly
- Completed reload, in  1.429 seconds
Domain Reload Profiling:
	ReloadAssembly (1429ms)
		BeginReloadAssembly (36ms)
			ExecutionOrderSort (0ms)
			DisableScriptedObjects (0ms)
			BackupInstance (0ms)
			ReleaseScriptingObjects (0ms)
			CreateAndSetChildDomain (0ms)
		EndReloadAssembly (339ms)
			LoadAssemblies (35ms)
			RebuildTransferFunctionScriptingTraits (0ms)
			SetupTypeCache (87ms)
			ReleaseScriptCaches (0ms)
			RebuildScriptCaches (19ms)
			SetupLoadedEditorAssemblies (184ms)
				LogAssemblyErrors (0ms)
				InitializePlatformSupportModulesInManaged (3ms)
				SetLoadedEditorAssemblies (0ms)
				RefreshPlugins (101ms)
				BeforeProcessingInitializeOnLoad (9ms)
				ProcessInitializeOnLoadAttributes (53ms)
				ProcessInitializeOnLoadMethodAttributes (17ms)
				AfterProcessingInitializeOnLoad (0ms)
				EditorAssembliesLoaded (0ms)
			ExecutionOrderSort2 (0ms)
			AwakeInstancesAfterBackupRestoration (0ms)
Platform modules already initialized, skipping
Registering precompiled user dll's ...
Registered in 0.005504 seconds.
Begin MonoManager ReloadAssembly
Native extension for WindowsStandalone target not found
Native extension for WebGL target not found
Refreshing native plugins compatible for Editor in 107.87 ms, found 3 plugins.
Preloading 0 native plugins for Editor in 0.00 ms.
Mono: successfully reloaded assembly
- Completed reload, in  0.924 seconds
Domain Reload Profiling:
	ReloadAssembly (925ms)
		BeginReloadAssembly (95ms)
			ExecutionOrderSort (0ms)
			DisableScriptedObjects (3ms)
			BackupInstance (0ms)
			ReleaseScriptingObjects (0ms)
			CreateAndSetChildDomain (14ms)
		EndReloadAssembly (787ms)
			LoadAssemblies (74ms)
			RebuildTransferFunctionScriptingTraits (0ms)
			SetupTypeCache (215ms)
			ReleaseScriptCaches (1ms)
			RebuildScriptCaches (52ms)
			SetupLoadedEditorAssemblies (370ms)
				LogAssemblyErrors (0ms)
				InitializePlatformSupportModulesInManaged (3ms)
				SetLoadedEditorAssemblies (0ms)
				RefreshPlugins (108ms)
				BeforeProcessingInitializeOnLoad (78ms)
				ProcessInitializeOnLoadAttributes (169ms)
				ProcessInitializeOnLoadMethodAttributes (6ms)
				AfterProcessingInitializeOnLoad (5ms)
				EditorAssembliesLoaded (0ms)
			ExecutionOrderSort2 (0ms)
			AwakeInstancesAfterBackupRestoration (4ms)
Platform modules already initialized, skipping
========================================================================
Worker process is ready to serve import requests
Shader 'MoreMountains/MMRipple': fallback shader 'Particle/AlphaBlended' not found
Shader 'Universal Render Pipeline/Particles/Lit': fallback shader 'Universal Render Pipeline/Particles/SimpleLit' not found
Launched and connected shader compiler UnityShaderCompiler.exe after 0.03 seconds
Refreshing native plugins compatible for Editor in 1.54 ms, found 3 plugins.
Preloading 0 native plugins for Editor in 0.00 ms.
Unloading 4378 Unused Serialized files (Serialized files now loaded: 0)
System memory in use before: 292.7 MB.
System memory in use after: 292.8 MB.

Unloading 37 unused Assets to reduce memory usage. Loaded Objects now: 4826.
Total: 2.199700 ms (FindLiveObjects: 0.279100 ms CreateObjectMapping: 0.101100 ms MarkObjects: 1.737700 ms  DeleteObjects: 0.081200 ms)

AssetImportParameters requested are different than current active one (requested -> active):
  custom:framework-win-MediaFoundation: 216162199b28c13a410421893ffa2e32 -> 
  custom:video-decoder-ogg-theora: a1e56fd34408186e4bbccfd4996cb3dc -> 
  custom:container-muxer-webm: aa71ff27fc2769a1b78a27578f13a17b -> 
  custom:container-demuxer-webm: 4f35f7cbe854078d1ac9338744f61a02 -> 
  custom:container-demuxer-ogg: 62fdf1f143b41e24485cea50d1cbac27 -> 
  custom:video-encoder-webm-vp8: eb34c28f22e8b96e1ab97ce403110664 -> 
  custom:video-decoder-webm-vp8: 9c59270c3fd7afecdb556c50c9e8de78 -> 
  custom:audio-decoder-ogg-vorbis: bf7c407c2cedff20999df2af8eb42d56 -> 
  custom:audio-encoder-webm-vorbis: bf7c407c2cedff20999df2af8eb42d56 -> 
========================================================================
Received Import Request.
  path: Assets/Materials/Holz.mat
  artifactKey: Guid(cdb2f1dbecf024554815b996f7d2ddee) Importer(815301076,1909f56bfc062723c751e8b465ee728b)
Start importing Assets/Materials/Holz.mat using Guid(cdb2f1dbecf024554815b996f7d2ddee) Importer(815301076,1909f56bfc062723c751e8b465ee728b)  -> (artifact id: 'c9d771b5aebf30ee510f4d481c848237') in 0.156543 seconds 
  Import took 0.162271 seconds .

========================================================================
Received Import Request.
  Time since last request: 0.000154 seconds.
  path: Assets/Materials/FireInactive.mat
  artifactKey: Guid(163cb97c74c13c0448a9ab2b8817e168) Importer(815301076,1909f56bfc062723c751e8b465ee728b)
Start importing Assets/Materials/FireInactive.mat using Guid(163cb97c74c13c0448a9ab2b8817e168) Importer(815301076,1909f56bfc062723c751e8b465ee728b)  -> (artifact id: '80278f7b0beee30bd3e76e5118ea7464') in 0.014037 seconds 
  Import took 0.018806 seconds .

========================================================================
Received Import Request.
  Time since last request: 0.000121 seconds.
  path: Assets/Materials/Waterplayer.mat
  artifactKey: Guid(b66d4272d7f3c2b49ba8387cae37f123) Importer(815301076,1909f56bfc062723c751e8b465ee728b)
Start importing Assets/Materials/Waterplayer.mat using Guid(b66d4272d7f3c2b49ba8387cae37f123) Importer(815301076,1909f56bfc062723c751e8b465ee728b)  -> (artifact id: 'c973e85cafecee9fa32dfc635035018c') in 0.367321 seconds 
  Import took 0.372423 seconds .

========================================================================
Received Import Request.
  Time since last request: 0.000164 seconds.
  path: Assets/Materials/Waterplayer_empty.mat
  artifactKey: Guid(3ecae22274128fe4c8e6c21121541646) Importer(815301076,1909f56bfc062723c751e8b465ee728b)
Start importing Assets/Materials/Waterplayer_empty.mat using Guid(3ecae22274128fe4c8e6c21121541646) Importer(815301076,1909f56bfc062723c751e8b465ee728b)  -> (artifact id: '1eede2f07c64c6d2ddf47d539eeb2ff0') in 0.010728 seconds 
  Import took 0.015180 seconds .

========================================================================
Received Import Request.
  Time since last request: 2897.506394 seconds.
  path: Assets/Textures/UI
  artifactKey: Guid(5a13f9f51b897774f94c6200f9ca372e) Importer(815301076,1909f56bfc062723c751e8b465ee728b)
Start importing Assets/Textures/UI using Guid(5a13f9f51b897774f94c6200f9ca372e) Importer(815301076,1909f56bfc062723c751e8b465ee728b)  -> (artifact id: '3c3c7892da06b84100ef56dd2894c720') in 0.005488 seconds 
  Import took 0.011627 seconds .

========================================================================
Received Import Request.
  Time since last request: 0.003246 seconds.
  path: Assets/Textures/UI
  artifactKey: Guid(5a13f9f51b897774f94c6200f9ca372e) Importer(815301076,1909f56bfc062723c751e8b465ee728b)
Start importing Assets/Textures/UI using Guid(5a13f9f51b897774f94c6200f9ca372e) Importer(815301076,1909f56bfc062723c751e8b465ee728b)  -> (artifact id: '3c3c7892da06b84100ef56dd2894c720') in 0.001672 seconds 
  Import took 0.005922 seconds .

========================================================================
Received Import Request.
  Time since last request: 11.709854 seconds.
  path: Assets/Textures/UI/Wooden Gui
  artifactKey: Guid(3323e1c98fed726438506254fab8b098) Importer(815301076,1909f56bfc062723c751e8b465ee728b)
Start importing Assets/Textures/UI/Wooden Gui using Guid(3323e1c98fed726438506254fab8b098) Importer(815301076,1909f56bfc062723c751e8b465ee728b)  -> (artifact id: '50be937acb5419273b70400d97e932e9') in 0.004899 seconds 
  Import took 0.010161 seconds .

========================================================================
Received Import Request.
  Time since last request: 5.734439 seconds.
  path: Assets/Textures/UI/Wooden Gui/Atlas_01_MainMenu_Settings_Hud_OFF.png
  artifactKey: Guid(59b239b00efd36642b9da1e90be17cd6) Importer(815301076,1909f56bfc062723c751e8b465ee728b)
Start importing Assets/Textures/UI/Wooden Gui/Atlas_01_MainMenu_Settings_Hud_OFF.png using Guid(59b239b00efd36642b9da1e90be17cd6) Importer(815301076,1909f56bfc062723c751e8b465ee728b)  -> (artifact id: '142c6c7fa3293e706bf4aa0f7b0b22d3') in 0.044250 seconds 
  Import took 0.050564 seconds .

========================================================================
Received Import Request.
  Time since last request: 0.000164 seconds.
  path: Assets/Textures/UI/Wooden Gui/Atlas_01_MainMenu_Settings_Hud_Settings.png
  artifactKey: Guid(b60b0d747a304cb4189bb36879c8d616) Importer(815301076,1909f56bfc062723c751e8b465ee728b)
Start importing Assets/Textures/UI/Wooden Gui/Atlas_01_MainMenu_Settings_Hud_Settings.png using Guid(b60b0d747a304cb4189bb36879c8d616) Importer(815301076,1909f56bfc062723c751e8b465ee728b)  -> (artifact id: '1d65d0d9c86ccdc80ccc09c862a5cb13') in 0.009474 seconds 
  Import took 0.014513 seconds .

========================================================================
Received Import Request.
  Time since last request: 0.000163 seconds.
  path: Assets/Textures/UI/Wooden Gui/Atlas_01_MainMenu_Settings_Hud_ON.png
  artifactKey: Guid(fca246df0e21ac2498b9735e2e46fcd4) Importer(815301076,1909f56bfc062723c751e8b465ee728b)
Start importing Assets/Textures/UI/Wooden Gui/Atlas_01_MainMenu_Settings_Hud_ON.png using Guid(fca246df0e21ac2498b9735e2e46fcd4) Importer(815301076,1909f56bfc062723c751e8b465ee728b)  -> (artifact id: 'e4f65ec4908aed035e3ff7b95a3be12b') in 0.008605 seconds 
  Import took 0.013368 seconds .

========================================================================
Received Import Request.
  Time since last request: 0.000136 seconds.
  path: Assets/Textures/UI/Wooden Gui/Atlas_01_MainMenu_Settings_Hud_Plank03.png
  artifactKey: Guid(4dbd9f1d4fc88164e8be5c76c6e7f0a7) Importer(815301076,1909f56bfc062723c751e8b465ee728b)
Start importing Assets/Textures/UI/Wooden Gui/Atlas_01_MainMenu_Settings_Hud_Plank03.png using Guid(4dbd9f1d4fc88164e8be5c76c6e7f0a7) Importer(815301076,1909f56bfc062723c751e8b465ee728b)  -> (artifact id: '4b984fd1626ab7dd5905eb5f0fa04a00') in 0.008957 seconds 
  Import took 0.013666 seconds .

========================================================================
Received Import Request.
  Time since last request: 0.000161 seconds.
  path: Assets/Textures/UI/Wooden Gui/Atlas_01_MainMenu_Settings_Hud_Plank04.png
  artifactKey: Guid(017ba1e63ece56945adc3ecb92091726) Importer(815301076,1909f56bfc062723c751e8b465ee728b)
Start importing Assets/Textures/UI/Wooden Gui/Atlas_01_MainMenu_Settings_Hud_Plank04.png using Guid(017ba1e63ece56945adc3ecb92091726) Importer(815301076,1909f56bfc062723c751e8b465ee728b)  -> (artifact id: 'bb6ce437741bd2d144521fff90ab88a7') in 0.009008 seconds 
  Import took 0.013595 seconds .

========================================================================
Received Import Request.
  Time since last request: 0.000137 seconds.
  path: Assets/Textures/UI/Wooden Gui/Atlas_01_MainMenu_Settings_Hud_Plank02.png
  artifactKey: Guid(f0263bf77b2ceca468b22ba6fd567023) Importer(815301076,1909f56bfc062723c751e8b465ee728b)
Start importing Assets/Textures/UI/Wooden Gui/Atlas_01_MainMenu_Settings_Hud_Plank02.png using Guid(f0263bf77b2ceca468b22ba6fd567023) Importer(815301076,1909f56bfc062723c751e8b465ee728b)  -> (artifact id: '776d4acd9cffb2b73184def0d9d14463') in 0.009872 seconds 
  Import took 0.014872 seconds .

========================================================================
Received Import Request.
  Time since last request: 0.000144 seconds.
  path: Assets/Textures/UI/Wooden Gui/Atlas_01_MainMenu_Settings_Hud_X.png
  artifactKey: Guid(a617270306b78bb40aa5ac66b16e57e0) Importer(815301076,1909f56bfc062723c751e8b465ee728b)
Start importing Assets/Textures/UI/Wooden Gui/Atlas_01_MainMenu_Settings_Hud_X.png using Guid(a617270306b78bb40aa5ac66b16e57e0) Importer(815301076,1909f56bfc062723c751e8b465ee728b)  -> (artifact id: '71cae3e75c2331dc9154b28ffd7b015c') in 0.009078 seconds 
  Import took 0.013883 seconds .

========================================================================
Received Import Request.
  Time since last request: 0.000135 seconds.
  path: Assets/Textures/UI/Wooden Gui/Atlas_01_MainMenu_Settings_Hud_Plank01.png
  artifactKey: Guid(3c1e0810ff6419e4e89803bc2be56734) Importer(815301076,1909f56bfc062723c751e8b465ee728b)
Start importing Assets/Textures/UI/Wooden Gui/Atlas_01_MainMenu_Settings_Hud_Plank01.png using Guid(3c1e0810ff6419e4e89803bc2be56734) Importer(815301076,1909f56bfc062723c751e8b465ee728b)  -> (artifact id: '0624266208fb59d3c9cebaa5bdeebe50') in 0.009924 seconds 
  Import took 0.014681 seconds .

========================================================================
Received Import Request.
  Time since last request: 9.419567 seconds.
  path: Assets/Textures/UI/Wooden Gui/Atlas_01_MainMenu_Settings_Hud_OFF.png
  artifactKey: Guid(59b239b00efd36642b9da1e90be17cd6) Importer(815301076,1909f56bfc062723c751e8b465ee728b)
Start importing Assets/Textures/UI/Wooden Gui/Atlas_01_MainMenu_Settings_Hud_OFF.png using Guid(59b239b00efd36642b9da1e90be17cd6) Importer(815301076,1909f56bfc062723c751e8b465ee728b)  -> (artifact id: '8ce6f526a7e98b0d4bbc7d5a396f8a1b') in 0.036914 seconds 
  Import took 0.042603 seconds .

========================================================================
Received Import Request.
  Time since last request: 0.000182 seconds.
  path: Assets/Textures/UI/Wooden Gui/Atlas_01_MainMenu_Settings_Hud_Settings.png
  artifactKey: Guid(b60b0d747a304cb4189bb36879c8d616) Importer(815301076,1909f56bfc062723c751e8b465ee728b)
Start importing Assets/Textures/UI/Wooden Gui/Atlas_01_MainMenu_Settings_Hud_Settings.png using Guid(b60b0d747a304cb4189bb36879c8d616) Importer(815301076,1909f56bfc062723c751e8b465ee728b)  -> (artifact id: '3f73dcc29ee70015e7a49a23476e3386') in 0.020637 seconds 
  Import took 0.026033 seconds .

========================================================================
Received Import Request.
  Time since last request: 0.000157 seconds.
  path: Assets/Textures/UI/Wooden Gui/Atlas_01_MainMenu_Settings_Hud_ON.png
  artifactKey: Guid(fca246df0e21ac2498b9735e2e46fcd4) Importer(815301076,1909f56bfc062723c751e8b465ee728b)
Start importing Assets/Textures/UI/Wooden Gui/Atlas_01_MainMenu_Settings_Hud_ON.png using Guid(fca246df0e21ac2498b9735e2e46fcd4) Importer(815301076,1909f56bfc062723c751e8b465ee728b)  -> (artifact id: '168907163c29436c06ee224b160942cd') in 0.012610 seconds 
  Import took 0.017758 seconds .

========================================================================
Received Import Request.
  Time since last request: 0.000133 seconds.
  path: Assets/Textures/UI/Wooden Gui/Atlas_01_MainMenu_Settings_Hud_Plank03.png
  artifactKey: Guid(4dbd9f1d4fc88164e8be5c76c6e7f0a7) Importer(815301076,1909f56bfc062723c751e8b465ee728b)
Start importing Assets/Textures/UI/Wooden Gui/Atlas_01_MainMenu_Settings_Hud_Plank03.png using Guid(4dbd9f1d4fc88164e8be5c76c6e7f0a7) Importer(815301076,1909f56bfc062723c751e8b465ee728b)  -> (artifact id: 'bde821d84a62cccce52a66dc3ffda435') in 0.034072 seconds 
  Import took 0.038607 seconds .

========================================================================
Received Import Request.
  Time since last request: 0.000131 seconds.
  path: Assets/Textures/UI/Wooden Gui/Atlas_01_MainMenu_Settings_Hud_Plank04.png
  artifactKey: Guid(017ba1e63ece56945adc3ecb92091726) Importer(815301076,1909f56bfc062723c751e8b465ee728b)
Start importing Assets/Textures/UI/Wooden Gui/Atlas_01_MainMenu_Settings_Hud_Plank04.png using Guid(017ba1e63ece56945adc3ecb92091726) Importer(815301076,1909f56bfc062723c751e8b465ee728b)  -> (artifact id: 'dbbc8c6acc67e5dd9d134f4712ea0ad5') in 0.037576 seconds 
  Import took 0.042091 seconds .

========================================================================
Received Import Request.
  Time since last request: 0.000132 seconds.
  path: Assets/Textures/UI/Wooden Gui/Atlas_01_MainMenu_Settings_Hud_Plank02.png
  artifactKey: Guid(f0263bf77b2ceca468b22ba6fd567023) Importer(815301076,1909f56bfc062723c751e8b465ee728b)
Start importing Assets/Textures/UI/Wooden Gui/Atlas_01_MainMenu_Settings_Hud_Plank02.png using Guid(f0263bf77b2ceca468b22ba6fd567023) Importer(815301076,1909f56bfc062723c751e8b465ee728b)  -> (artifact id: '459cadf6949af3ab7ffc633da9f23816') in 0.012913 seconds 
  Import took 0.017459 seconds .

========================================================================
Received Import Request.
  Time since last request: 0.000112 seconds.
  path: Assets/Textures/UI/Wooden Gui/Atlas_01_MainMenu_Settings_Hud_X.png
  artifactKey: Guid(a617270306b78bb40aa5ac66b16e57e0) Importer(815301076,1909f56bfc062723c751e8b465ee728b)
Start importing Assets/Textures/UI/Wooden Gui/Atlas_01_MainMenu_Settings_Hud_X.png using Guid(a617270306b78bb40aa5ac66b16e57e0) Importer(815301076,1909f56bfc062723c751e8b465ee728b)  -> (artifact id: '8287583abcd562691af05546ac37d9f3') in 0.034878 seconds 
  Import took 0.039797 seconds .

========================================================================
Received Import Request.
  Time since last request: 0.000139 seconds.
  path: Assets/Textures/UI/Wooden Gui/Atlas_01_MainMenu_Settings_Hud_Plank01.png
  artifactKey: Guid(3c1e0810ff6419e4e89803bc2be56734) Importer(815301076,1909f56bfc062723c751e8b465ee728b)
Start importing Assets/Textures/UI/Wooden Gui/Atlas_01_MainMenu_Settings_Hud_Plank01.png using Guid(3c1e0810ff6419e4e89803bc2be56734) Importer(815301076,1909f56bfc062723c751e8b465ee728b)  -> (artifact id: '03daaefb0a475a165f8b15419ed6cb30') in 0.023540 seconds 
  Import took 0.028336 seconds .

========================================================================
Received Import Request.
  Time since last request: 4.816612 seconds.
  path: Assets/Textures/UI/Wooden Gui/Atlas_08_Icons.png
  artifactKey: Guid(876232eb6116b774abf3511c443445be) Importer(815301076,1909f56bfc062723c751e8b465ee728b)
Start importing Assets/Textures/UI/Wooden Gui/Atlas_08_Icons.png using Guid(876232eb6116b774abf3511c443445be) Importer(815301076,1909f56bfc062723c751e8b465ee728b)  -> (artifact id: 'cfdcc783ceee6610b9a4ea640fa63c72') in 0.017372 seconds 
  Import took 0.022700 seconds .

========================================================================
Received Import Request.
  Time since last request: 9.940095 seconds.
  path: Assets/Textures/UI/Wooden Gui/Atlas_08_Icons.png
  artifactKey: Guid(876232eb6116b774abf3511c443445be) Importer(815301076,1909f56bfc062723c751e8b465ee728b)
Start importing Assets/Textures/UI/Wooden Gui/Atlas_08_Icons.png using Guid(876232eb6116b774abf3511c443445be) Importer(815301076,1909f56bfc062723c751e8b465ee728b)  -> (artifact id: '78c8d1e2aeb0fdf9656c81b102e2b251') in 0.021306 seconds 
  Import took 0.026765 seconds .

========================================================================
Received Import Request.
  Time since last request: 11.677067 seconds.
  path: Assets/Textures/UI/Wooden Gui/Atlas_08_Icons.png
  artifactKey: Guid(876232eb6116b774abf3511c443445be) Importer(815301076,1909f56bfc062723c751e8b465ee728b)
Start importing Assets/Textures/UI/Wooden Gui/Atlas_08_Icons.png using Guid(876232eb6116b774abf3511c443445be) Importer(815301076,1909f56bfc062723c751e8b465ee728b)  -> (artifact id: 'fd0a49f36b8a1ba057f3e5dd84398be8') in 0.011361 seconds 
  Import took 0.016737 seconds .

========================================================================
Received Import Request.
  Time since last request: 36.175424 seconds.
  path: Assets/Textures/UI/Wooden Gui/Atlas_08_Icons.png
  artifactKey: Guid(876232eb6116b774abf3511c443445be) Importer(815301076,1909f56bfc062723c751e8b465ee728b)
Start importing Assets/Textures/UI/Wooden Gui/Atlas_08_Icons.png using Guid(876232eb6116b774abf3511c443445be) Importer(815301076,1909f56bfc062723c751e8b465ee728b)  -> (artifact id: '5e89bf9c3f6e51cb7722e65e742fd487') in 0.009156 seconds 
  Import took 0.014859 seconds .

========================================================================
Received Import Request.
  Time since last request: 0.000892 seconds.
  path: Assets/Textures/UI/Wooden Gui/Atlas_08_Icons.png
  artifactKey: Guid(876232eb6116b774abf3511c443445be) Importer(815301076,1909f56bfc062723c751e8b465ee728b)
Start importing Assets/Textures/UI/Wooden Gui/Atlas_08_Icons.png using Guid(876232eb6116b774abf3511c443445be) Importer(815301076,1909f56bfc062723c751e8b465ee728b)  -> (artifact id: '5e89bf9c3f6e51cb7722e65e742fd487') in 0.007932 seconds 
  Import took 0.012380 seconds .

========================================================================
Received Prepare
Registering precompiled user dll's ...
Registered in 0.005451 seconds.
Begin MonoManager ReloadAssembly
Native extension for WindowsStandalone target not found
Native extension for WebGL target not found
Refreshing native plugins compatible for Editor in 1.47 ms, found 3 plugins.
Preloading 0 native plugins for Editor in 0.00 ms.
Mono: successfully reloaded assembly
- Completed reload, in  0.808 seconds
Domain Reload Profiling:
	ReloadAssembly (808ms)
		BeginReloadAssembly (110ms)
			ExecutionOrderSort (0ms)
			DisableScriptedObjects (5ms)
			BackupInstance (0ms)
			ReleaseScriptingObjects (0ms)
			CreateAndSetChildDomain (30ms)
		EndReloadAssembly (655ms)
			LoadAssemblies (69ms)
			RebuildTransferFunctionScriptingTraits (0ms)
			SetupTypeCache (213ms)
			ReleaseScriptCaches (1ms)
			RebuildScriptCaches (30ms)
			SetupLoadedEditorAssemblies (250ms)
				LogAssemblyErrors (0ms)
				InitializePlatformSupportModulesInManaged (3ms)
				SetLoadedEditorAssemblies (0ms)
				RefreshPlugins (2ms)
				BeforeProcessingInitializeOnLoad (68ms)
				ProcessInitializeOnLoadAttributes (163ms)
				ProcessInitializeOnLoadMethodAttributes (9ms)
				AfterProcessingInitializeOnLoad (5ms)
				EditorAssembliesLoaded (0ms)
			ExecutionOrderSort2 (0ms)
			AwakeInstancesAfterBackupRestoration (10ms)
Platform modules already initialized, skipping
Shader 'MoreMountains/MMRipple': fallback shader 'Particle/AlphaBlended' not found
Shader 'Universal Render Pipeline/Particles/Lit': fallback shader 'Universal Render Pipeline/Particles/SimpleLit' not found
Refreshing native plugins compatible for Editor in 1.62 ms, found 3 plugins.
Preloading 0 native plugins for Editor in 0.00 ms.
Unloading 4231 Unused Serialized files (Serialized files now loaded: 0)
System memory in use before: 285.3 MB.
System memory in use after: 285.6 MB.

Unloading 29 unused Assets to reduce memory usage. Loaded Objects now: 4971.
Total: 2.627700 ms (FindLiveObjects: 0.363800 ms CreateObjectMapping: 0.155100 ms MarkObjects: 2.048200 ms  DeleteObjects: 0.060200 ms)

AssetImportParameters requested are different than current active one (requested -> active):
  custom:framework-win-MediaFoundation: 216162199b28c13a410421893ffa2e32 -> 
  custom:video-decoder-ogg-theora: a1e56fd34408186e4bbccfd4996cb3dc -> 
  custom:container-muxer-webm: aa71ff27fc2769a1b78a27578f13a17b -> 
  custom:container-demuxer-webm: 4f35f7cbe854078d1ac9338744f61a02 -> 
  custom:container-demuxer-ogg: 62fdf1f143b41e24485cea50d1cbac27 -> 
  custom:video-encoder-webm-vp8: eb34c28f22e8b96e1ab97ce403110664 -> 
  custom:video-decoder-webm-vp8: 9c59270c3fd7afecdb556c50c9e8de78 -> 
  custom:audio-decoder-ogg-vorbis: bf7c407c2cedff20999df2af8eb42d56 -> 
  custom:audio-encoder-webm-vorbis: bf7c407c2cedff20999df2af8eb42d56 -> 
========================================================================
Received Prepare
Registering precompiled user dll's ...
Registered in 0.005668 seconds.
Begin MonoManager ReloadAssembly
Native extension for WindowsStandalone target not found
Native extension for WebGL target not found
Refreshing native plugins compatible for Editor in 1.55 ms, found 3 plugins.
Preloading 0 native plugins for Editor in 0.00 ms.
Mono: successfully reloaded assembly
- Completed reload, in  0.781 seconds
Domain Reload Profiling:
	ReloadAssembly (782ms)
		BeginReloadAssembly (86ms)
			ExecutionOrderSort (0ms)
			DisableScriptedObjects (5ms)
			BackupInstance (0ms)
			ReleaseScriptingObjects (0ms)
			CreateAndSetChildDomain (26ms)
		EndReloadAssembly (652ms)
			LoadAssemblies (70ms)
			RebuildTransferFunctionScriptingTraits (0ms)
			SetupTypeCache (207ms)
			ReleaseScriptCaches (1ms)
			RebuildScriptCaches (32ms)
			SetupLoadedEditorAssemblies (251ms)
				LogAssemblyErrors (0ms)
				InitializePlatformSupportModulesInManaged (4ms)
				SetLoadedEditorAssemblies (0ms)
				RefreshPlugins (2ms)
				BeforeProcessingInitializeOnLoad (72ms)
				ProcessInitializeOnLoadAttributes (163ms)
				ProcessInitializeOnLoadMethodAttributes (5ms)
				AfterProcessingInitializeOnLoad (5ms)
				EditorAssembliesLoaded (0ms)
			ExecutionOrderSort2 (0ms)
			AwakeInstancesAfterBackupRestoration (10ms)
Platform modules already initialized, skipping
Shader 'MoreMountains/MMRipple': fallback shader 'Particle/AlphaBlended' not found
Shader 'Universal Render Pipeline/Particles/Lit': fallback shader 'Universal Render Pipeline/Particles/SimpleLit' not found
Refreshing native plugins compatible for Editor in 1.55 ms, found 3 plugins.
Preloading 0 native plugins for Editor in 0.00 ms.
Unloading 4190 Unused Serialized files (Serialized files now loaded: 0)
System memory in use before: 284.5 MB.
System memory in use after: 284.7 MB.

Unloading 29 unused Assets to reduce memory usage. Loaded Objects now: 4974.
Total: 2.519400 ms (FindLiveObjects: 0.335000 ms CreateObjectMapping: 0.108600 ms MarkObjects: 2.021600 ms  DeleteObjects: 0.053600 ms)

AssetImportParameters requested are different than current active one (requested -> active):
  custom:framework-win-MediaFoundation: 216162199b28c13a410421893ffa2e32 -> 
  custom:video-decoder-ogg-theora: a1e56fd34408186e4bbccfd4996cb3dc -> 
  custom:container-muxer-webm: aa71ff27fc2769a1b78a27578f13a17b -> 
  custom:container-demuxer-webm: 4f35f7cbe854078d1ac9338744f61a02 -> 
  custom:container-demuxer-ogg: 62fdf1f143b41e24485cea50d1cbac27 -> 
  custom:video-encoder-webm-vp8: eb34c28f22e8b96e1ab97ce403110664 -> 
  custom:video-decoder-webm-vp8: 9c59270c3fd7afecdb556c50c9e8de78 -> 
  custom:audio-decoder-ogg-vorbis: bf7c407c2cedff20999df2af8eb42d56 -> 
  custom:audio-encoder-webm-vorbis: bf7c407c2cedff20999df2af8eb42d56 -> 
========================================================================
Received Import Request.
  Time since last request: 135.423396 seconds.
  path: Assets/Textures/UI/Wooden Gui/Atlas_07_Paper.png
  artifactKey: Guid(ab113c89f7d4fdb44b4aac82f8f9f697) Importer(815301076,1909f56bfc062723c751e8b465ee728b)
Start importing Assets/Textures/UI/Wooden Gui/Atlas_07_Paper.png using Guid(ab113c89f7d4fdb44b4aac82f8f9f697) Importer(815301076,1909f56bfc062723c751e8b465ee728b)  -> (artifact id: 'd52208ee89a3d430e102843af5b2a573') in 0.062219 seconds 
  Import took 0.068260 seconds .

========================================================================
Received Import Request.
  Time since last request: 5.146012 seconds.
  path: Assets/Textures/UI/Wooden Gui/Atlas_07_Paper.png
  artifactKey: Guid(ab113c89f7d4fdb44b4aac82f8f9f697) Importer(815301076,1909f56bfc062723c751e8b465ee728b)
Start importing Assets/Textures/UI/Wooden Gui/Atlas_07_Paper.png using Guid(ab113c89f7d4fdb44b4aac82f8f9f697) Importer(815301076,1909f56bfc062723c751e8b465ee728b)  -> (artifact id: '73619a8948339f96d1980f863dd2a8f3') in 0.023136 seconds 
  Import took 0.028726 seconds .

========================================================================
Received Import Request.
  Time since last request: 11.561762 seconds.
  path: Assets/Resources/PhotonPrefabs/FeuerSpieler.prefab
  artifactKey: Guid(a5521eaf5d44149e0bc7c2f0dd2e9bad) Importer(815301076,1909f56bfc062723c751e8b465ee728b)
Start importing Assets/Resources/PhotonPrefabs/FeuerSpieler.prefab using Guid(a5521eaf5d44149e0bc7c2f0dd2e9bad) Importer(815301076,1909f56bfc062723c751e8b465ee728b)  -> (artifact id: '2cd2ce0b06e29af772a067322bdd3ec8') in 0.190422 seconds 
  Import took 0.197466 seconds .

========================================================================
Received Import Request.
  Time since last request: 0.000157 seconds.
  path: Assets/Resources/PhotonPrefabs/WasserSpieler.prefab
  artifactKey: Guid(2ad15c84b7a9b4486a188c3a9149eb88) Importer(815301076,1909f56bfc062723c751e8b465ee728b)
Start importing Assets/Resources/PhotonPrefabs/WasserSpieler.prefab using Guid(2ad15c84b7a9b4486a188c3a9149eb88) Importer(815301076,1909f56bfc062723c751e8b465ee728b)  -> (artifact id: '4a2df7b9c43bd15b0ca6a881fec88f9a') in 0.069941 seconds 
  Import took 0.076576 seconds .

========================================================================
Received Import Request.
  Time since last request: 5.415198 seconds.
  path: Assets/Resources/PhotonPrefabs/FeuerSpieler.prefab
  artifactKey: Guid(a5521eaf5d44149e0bc7c2f0dd2e9bad) Importer(815301076,1909f56bfc062723c751e8b465ee728b)
Start importing Assets/Resources/PhotonPrefabs/FeuerSpieler.prefab using Guid(a5521eaf5d44149e0bc7c2f0dd2e9bad) Importer(815301076,1909f56bfc062723c751e8b465ee728b)  -> (artifact id: 'c5bda2abbea97cb30b9c5665a9029f52') in 0.042593 seconds 
  Import took 0.049450 seconds .

========================================================================
Received Import Request.
  Time since last request: 287.936316 seconds.
  path: Assets/Textures/UI/Wooden Gui/Atlas_08_Icons.png
  artifactKey: Guid(876232eb6116b774abf3511c443445be) Importer(815301076,1909f56bfc062723c751e8b465ee728b)
Start importing Assets/Textures/UI/Wooden Gui/Atlas_08_Icons.png using Guid(876232eb6116b774abf3511c443445be) Importer(815301076,1909f56bfc062723c751e8b465ee728b)  -> (artifact id: 'e62754585aec467d6fdc5dae51e3de00') in 0.042115 seconds 
  Import took 0.048153 seconds .

========================================================================
Received Prepare
Registering precompiled user dll's ...
Registered in 0.005656 seconds.
Begin MonoManager ReloadAssembly
Native extension for WindowsStandalone target not found
Native extension for WebGL target not found
Refreshing native plugins compatible for Editor in 1.51 ms, found 3 plugins.
Preloading 0 native plugins for Editor in 0.00 ms.
Mono: successfully reloaded assembly
- Completed reload, in  0.777 seconds
Domain Reload Profiling:
	ReloadAssembly (777ms)
		BeginReloadAssembly (94ms)
			ExecutionOrderSort (0ms)
			DisableScriptedObjects (5ms)
			BackupInstance (0ms)
			ReleaseScriptingObjects (0ms)
			CreateAndSetChildDomain (32ms)
		EndReloadAssembly (642ms)
			LoadAssemblies (70ms)
			RebuildTransferFunctionScriptingTraits (0ms)
			SetupTypeCache (211ms)
			ReleaseScriptCaches (1ms)
			RebuildScriptCaches (29ms)
			SetupLoadedEditorAssemblies (243ms)
				LogAssemblyErrors (0ms)
				InitializePlatformSupportModulesInManaged (3ms)
				SetLoadedEditorAssemblies (0ms)
				RefreshPlugins (2ms)
				BeforeProcessingInitializeOnLoad (67ms)
				ProcessInitializeOnLoadAttributes (161ms)
				ProcessInitializeOnLoadMethodAttributes (5ms)
				AfterProcessingInitializeOnLoad (5ms)
				EditorAssembliesLoaded (0ms)
			ExecutionOrderSort2 (0ms)
			AwakeInstancesAfterBackupRestoration (10ms)
Platform modules already initialized, skipping
Shader 'MoreMountains/MMRipple': fallback shader 'Particle/AlphaBlended' not found
Shader 'Universal Render Pipeline/Particles/Lit': fallback shader 'Universal Render Pipeline/Particles/SimpleLit' not found
Refreshing native plugins compatible for Editor in 1.57 ms, found 3 plugins.
Preloading 0 native plugins for Editor in 0.00 ms.
Unloading 4224 Unused Serialized files (Serialized files now loaded: 0)
System memory in use before: 286.5 MB.
System memory in use after: 286.7 MB.

Unloading 32 unused Assets to reduce memory usage. Loaded Objects now: 5049.
Total: 2.646500 ms (FindLiveObjects: 0.349600 ms CreateObjectMapping: 0.164000 ms MarkObjects: 2.074600 ms  DeleteObjects: 0.057700 ms)

AssetImportParameters requested are different than current active one (requested -> active):
  custom:framework-win-MediaFoundation: 216162199b28c13a410421893ffa2e32 -> 
  custom:video-decoder-ogg-theora: a1e56fd34408186e4bbccfd4996cb3dc -> 
  custom:container-muxer-webm: aa71ff27fc2769a1b78a27578f13a17b -> 
  custom:container-demuxer-webm: 4f35f7cbe854078d1ac9338744f61a02 -> 
  custom:container-demuxer-ogg: 62fdf1f143b41e24485cea50d1cbac27 -> 
  custom:video-encoder-webm-vp8: eb34c28f22e8b96e1ab97ce403110664 -> 
  custom:video-decoder-webm-vp8: 9c59270c3fd7afecdb556c50c9e8de78 -> 
  custom:audio-decoder-ogg-vorbis: bf7c407c2cedff20999df2af8eb42d56 -> 
  custom:audio-encoder-webm-vorbis: bf7c407c2cedff20999df2af8eb42d56 -> 
========================================================================
Received Import Request.
  Time since last request: 158.525928 seconds.
  path: Assets/Textures/UI/Wooden Gui/Atlas_08_Icons.png
  artifactKey: Guid(876232eb6116b774abf3511c443445be) Importer(815301076,1909f56bfc062723c751e8b465ee728b)
Start importing Assets/Textures/UI/Wooden Gui/Atlas_08_Icons.png using Guid(876232eb6116b774abf3511c443445be) Importer(815301076,1909f56bfc062723c751e8b465ee728b)  -> (artifact id: '43634a8d58113153402c1875f54429cf') in 0.058782 seconds 
  Import took 0.065076 seconds .

========================================================================
Received Import Request.
  Time since last request: 337.636552 seconds.
  path: Assets/Textures/UI/Wooden Gui/Atlas_08_Icons.png
  artifactKey: Guid(876232eb6116b774abf3511c443445be) Importer(815301076,1909f56bfc062723c751e8b465ee728b)
Start importing Assets/Textures/UI/Wooden Gui/Atlas_08_Icons.png using Guid(876232eb6116b774abf3511c443445be) Importer(815301076,1909f56bfc062723c751e8b465ee728b)  -> (artifact id: '619a604298e79ec15b7eecc758475e0b') in 0.016291 seconds 
  Import took 0.022408 seconds .

========================================================================
Received Import Request.
  Time since last request: 24.697901 seconds.
  path: Assets/Textures/UI/Wooden Gui/Atlas_08_Icons.png
  artifactKey: Guid(876232eb6116b774abf3511c443445be) Importer(815301076,1909f56bfc062723c751e8b465ee728b)
Start importing Assets/Textures/UI/Wooden Gui/Atlas_08_Icons.png using Guid(876232eb6116b774abf3511c443445be) Importer(815301076,1909f56bfc062723c751e8b465ee728b)  -> (artifact id: '0857322f324954b0a282ff5dc24c84ab') in 0.228895 seconds 
  Import took 0.234472 seconds .

========================================================================
Received Prepare
Registering precompiled user dll's ...
Registered in 0.006068 seconds.
Begin MonoManager ReloadAssembly
Native extension for WindowsStandalone target not found
Native extension for WebGL target not found
Refreshing native plugins compatible for Editor in 1.59 ms, found 3 plugins.
Preloading 0 native plugins for Editor in 0.00 ms.
Mono: successfully reloaded assembly
- Completed reload, in  0.812 seconds
Domain Reload Profiling:
	ReloadAssembly (813ms)
		BeginReloadAssembly (88ms)
			ExecutionOrderSort (0ms)
			DisableScriptedObjects (3ms)
			BackupInstance (0ms)
			ReleaseScriptingObjects (0ms)
			CreateAndSetChildDomain (31ms)
		EndReloadAssembly (681ms)
			LoadAssemblies (77ms)
			RebuildTransferFunctionScriptingTraits (0ms)
			SetupTypeCache (224ms)
			ReleaseScriptCaches (1ms)
			RebuildScriptCaches (32ms)
			SetupLoadedEditorAssemblies (246ms)
				LogAssemblyErrors (0ms)
				InitializePlatformSupportModulesInManaged (3ms)
				SetLoadedEditorAssemblies (0ms)
				RefreshPlugins (2ms)
				BeforeProcessingInitializeOnLoad (69ms)
				ProcessInitializeOnLoadAttributes (162ms)
				ProcessInitializeOnLoadMethodAttributes (6ms)
				AfterProcessingInitializeOnLoad (5ms)
				EditorAssembliesLoaded (0ms)
			ExecutionOrderSort2 (0ms)
			AwakeInstancesAfterBackupRestoration (10ms)
Platform modules already initialized, skipping
Shader 'MoreMountains/MMRipple': fallback shader 'Particle/AlphaBlended' not found
Shader 'Universal Render Pipeline/Particles/Lit': fallback shader 'Universal Render Pipeline/Particles/SimpleLit' not found
Refreshing native plugins compatible for Editor in 1.55 ms, found 3 plugins.
Preloading 0 native plugins for Editor in 0.00 ms.
Unloading 4224 Unused Serialized files (Serialized files now loaded: 0)
System memory in use before: 286.5 MB.
System memory in use after: 286.8 MB.

Unloading 29 unused Assets to reduce memory usage. Loaded Objects now: 5053.
Total: 2.808200 ms (FindLiveObjects: 0.341700 ms CreateObjectMapping: 0.165500 ms MarkObjects: 2.241100 ms  DeleteObjects: 0.059200 ms)

AssetImportParameters requested are different than current active one (requested -> active):
  custom:framework-win-MediaFoundation: 216162199b28c13a410421893ffa2e32 -> 
  custom:video-decoder-ogg-theora: a1e56fd34408186e4bbccfd4996cb3dc -> 
  custom:container-muxer-webm: aa71ff27fc2769a1b78a27578f13a17b -> 
  custom:container-demuxer-webm: 4f35f7cbe854078d1ac9338744f61a02 -> 
  custom:container-demuxer-ogg: 62fdf1f143b41e24485cea50d1cbac27 -> 
  custom:video-encoder-webm-vp8: eb34c28f22e8b96e1ab97ce403110664 -> 
  custom:video-decoder-webm-vp8: 9c59270c3fd7afecdb556c50c9e8de78 -> 
  custom:audio-decoder-ogg-vorbis: bf7c407c2cedff20999df2af8eb42d56 -> 
  custom:audio-encoder-webm-vorbis: bf7c407c2cedff20999df2af8eb42d56 -> 
========================================================================
Received Prepare
Registering precompiled user dll's ...
Registered in 0.005402 seconds.
Begin MonoManager ReloadAssembly
Native extension for WindowsStandalone target not found
Native extension for WebGL target not found
Refreshing native plugins compatible for Editor in 1.49 ms, found 3 plugins.
Preloading 0 native plugins for Editor in 0.00 ms.
Mono: successfully reloaded assembly
- Completed reload, in  0.785 seconds
Domain Reload Profiling:
	ReloadAssembly (785ms)
		BeginReloadAssembly (97ms)
			ExecutionOrderSort (0ms)
			DisableScriptedObjects (3ms)
			BackupInstance (0ms)
			ReleaseScriptingObjects (0ms)
			CreateAndSetChildDomain (26ms)
		EndReloadAssembly (645ms)
			LoadAssemblies (69ms)
			RebuildTransferFunctionScriptingTraits (0ms)
			SetupTypeCache (208ms)
			ReleaseScriptCaches (1ms)
			RebuildScriptCaches (31ms)
			SetupLoadedEditorAssemblies (247ms)
				LogAssemblyErrors (0ms)
				InitializePlatformSupportModulesInManaged (3ms)
				SetLoadedEditorAssemblies (0ms)
				RefreshPlugins (2ms)
				BeforeProcessingInitializeOnLoad (69ms)
				ProcessInitializeOnLoadAttributes (162ms)
				ProcessInitializeOnLoadMethodAttributes (6ms)
				AfterProcessingInitializeOnLoad (5ms)
				EditorAssembliesLoaded (0ms)
			ExecutionOrderSort2 (0ms)
			AwakeInstancesAfterBackupRestoration (10ms)
Platform modules already initialized, skipping
Shader 'MoreMountains/MMRipple': fallback shader 'Particle/AlphaBlended' not found
Shader 'Universal Render Pipeline/Particles/Lit': fallback shader 'Universal Render Pipeline/Particles/SimpleLit' not found
Refreshing native plugins compatible for Editor in 1.65 ms, found 3 plugins.
Preloading 0 native plugins for Editor in 0.00 ms.
Unloading 4224 Unused Serialized files (Serialized files now loaded: 0)
System memory in use before: 286.6 MB.
System memory in use after: 286.8 MB.

Unloading 29 unused Assets to reduce memory usage. Loaded Objects now: 5056.
Total: 2.837000 ms (FindLiveObjects: 0.373200 ms CreateObjectMapping: 0.171600 ms MarkObjects: 2.236900 ms  DeleteObjects: 0.054500 ms)

AssetImportParameters requested are different than current active one (requested -> active):
  custom:framework-win-MediaFoundation: 216162199b28c13a410421893ffa2e32 -> 
  custom:video-decoder-ogg-theora: a1e56fd34408186e4bbccfd4996cb3dc -> 
  custom:container-muxer-webm: aa71ff27fc2769a1b78a27578f13a17b -> 
  custom:container-demuxer-webm: 4f35f7cbe854078d1ac9338744f61a02 -> 
  custom:container-demuxer-ogg: 62fdf1f143b41e24485cea50d1cbac27 -> 
  custom:video-encoder-webm-vp8: eb34c28f22e8b96e1ab97ce403110664 -> 
  custom:video-decoder-webm-vp8: 9c59270c3fd7afecdb556c50c9e8de78 -> 
  custom:audio-decoder-ogg-vorbis: bf7c407c2cedff20999df2af8eb42d56 -> 
  custom:audio-encoder-webm-vorbis: bf7c407c2cedff20999df2af8eb42d56 -> 
========================================================================
Received Prepare
Registering precompiled user dll's ...
Registered in 0.005519 seconds.
Begin MonoManager ReloadAssembly
Native extension for WindowsStandalone target not found
Native extension for WebGL target not found
Refreshing native plugins compatible for Editor in 1.62 ms, found 3 plugins.
Preloading 0 native plugins for Editor in 0.00 ms.
Mono: successfully reloaded assembly
- Completed reload, in  0.780 seconds
Domain Reload Profiling:
	ReloadAssembly (780ms)
		BeginReloadAssembly (90ms)
			ExecutionOrderSort (0ms)
			DisableScriptedObjects (3ms)
			BackupInstance (0ms)
			ReleaseScriptingObjects (0ms)
			CreateAndSetChildDomain (26ms)
		EndReloadAssembly (646ms)
			LoadAssemblies (66ms)
			RebuildTransferFunctionScriptingTraits (0ms)
			SetupTypeCache (209ms)
			ReleaseScriptCaches (1ms)
			RebuildScriptCaches (32ms)
			SetupLoadedEditorAssemblies (247ms)
				LogAssemblyErrors (0ms)
				InitializePlatformSupportModulesInManaged (4ms)
				SetLoadedEditorAssemblies (0ms)
				RefreshPlugins (2ms)
				BeforeProcessingInitializeOnLoad (69ms)
				ProcessInitializeOnLoadAttributes (162ms)
				ProcessInitializeOnLoadMethodAttributes (5ms)
				AfterProcessingInitializeOnLoad (5ms)
				EditorAssembliesLoaded (0ms)
			ExecutionOrderSort2 (0ms)
			AwakeInstancesAfterBackupRestoration (10ms)
Platform modules already initialized, skipping
Shader 'MoreMountains/MMRipple': fallback shader 'Particle/AlphaBlended' not found
Shader 'Universal Render Pipeline/Particles/Lit': fallback shader 'Universal Render Pipeline/Particles/SimpleLit' not found
Refreshing native plugins compatible for Editor in 1.53 ms, found 3 plugins.
Preloading 0 native plugins for Editor in 0.00 ms.
Unloading 4224 Unused Serialized files (Serialized files now loaded: 0)
System memory in use before: 286.6 MB.
System memory in use after: 286.8 MB.

Unloading 29 unused Assets to reduce memory usage. Loaded Objects now: 5059.
Total: 2.400800 ms (FindLiveObjects: 0.348400 ms CreateObjectMapping: 0.100800 ms MarkObjects: 1.898000 ms  DeleteObjects: 0.052900 ms)

AssetImportParameters requested are different than current active one (requested -> active):
  custom:framework-win-MediaFoundation: 216162199b28c13a410421893ffa2e32 -> 
  custom:video-decoder-ogg-theora: a1e56fd34408186e4bbccfd4996cb3dc -> 
  custom:container-muxer-webm: aa71ff27fc2769a1b78a27578f13a17b -> 
  custom:container-demuxer-webm: 4f35f7cbe854078d1ac9338744f61a02 -> 
  custom:container-demuxer-ogg: 62fdf1f143b41e24485cea50d1cbac27 -> 
  custom:video-encoder-webm-vp8: eb34c28f22e8b96e1ab97ce403110664 -> 
  custom:video-decoder-webm-vp8: 9c59270c3fd7afecdb556c50c9e8de78 -> 
  custom:audio-decoder-ogg-vorbis: bf7c407c2cedff20999df2af8eb42d56 -> 
  custom:audio-encoder-webm-vorbis: bf7c407c2cedff20999df2af8eb42d56 -> 
========================================================================
Received Import Request.
  Time since last request: 6380.106624 seconds.
  path: Assets/Textures/UI/Wooden Gui/Atlas_02_Planks_Leaders_Items.png
  artifactKey: Guid(8085a5e15ae73e84bac4acd29374120d) Importer(815301076,1909f56bfc062723c751e8b465ee728b)
Start importing Assets/Textures/UI/Wooden Gui/Atlas_02_Planks_Leaders_Items.png using Guid(8085a5e15ae73e84bac4acd29374120d) Importer(815301076,1909f56bfc062723c751e8b465ee728b)  -> (artifact id: 'bdf9a0fc5a568f8b39b99738e673164e') in 0.085866 seconds 
  Import took 0.092500 seconds .

========================================================================
Received Import Request.
  Time since last request: 5.469692 seconds.
  path: Assets/Textures/UI/Wooden Gui/Atlas_02_Planks_Leaders_Items.png
  artifactKey: Guid(8085a5e15ae73e84bac4acd29374120d) Importer(815301076,1909f56bfc062723c751e8b465ee728b)
Start importing Assets/Textures/UI/Wooden Gui/Atlas_02_Planks_Leaders_Items.png using Guid(8085a5e15ae73e84bac4acd29374120d) Importer(815301076,1909f56bfc062723c751e8b465ee728b)  -> (artifact id: 'c7be44c5b94e55745076ab107e42ed24') in 0.032921 seconds 
  Import took 0.038420 seconds .

========================================================================
Received Import Request.
  Time since last request: 6.764851 seconds.
  path: Assets/Textures/UI/Wooden Gui/Atlas_02_Planks_Leaders_Items.png
  artifactKey: Guid(8085a5e15ae73e84bac4acd29374120d) Importer(815301076,1909f56bfc062723c751e8b465ee728b)
Start importing Assets/Textures/UI/Wooden Gui/Atlas_02_Planks_Leaders_Items.png using Guid(8085a5e15ae73e84bac4acd29374120d) Importer(815301076,1909f56bfc062723c751e8b465ee728b)  -> (artifact id: '8ed9aad48884058d7b8c5c5fd9d21741') in 0.016311 seconds 
  Import took 0.021915 seconds .

========================================================================
Received Import Request.
  Time since last request: 7.933253 seconds.
  path: Assets/Textures/UI/Wooden Gui/Atlas_02_Planks_Leaders_Items.png
  artifactKey: Guid(8085a5e15ae73e84bac4acd29374120d) Importer(815301076,1909f56bfc062723c751e8b465ee728b)
Start importing Assets/Textures/UI/Wooden Gui/Atlas_02_Planks_Leaders_Items.png using Guid(8085a5e15ae73e84bac4acd29374120d) Importer(815301076,1909f56bfc062723c751e8b465ee728b)  -> (artifact id: '709a622b7fe102405da5d9ae38240e32') in 0.303359 seconds 
  Import took 0.309268 seconds .

========================================================================
Received Import Request.
  Time since last request: 8.151443 seconds.
  path: Assets/Textures/UI/Wooden Gui/Atlas_01_MainMenu_Settings_Hud.png
  artifactKey: Guid(ff49de8c2df400b49b8f2b3958588be6) Importer(815301076,1909f56bfc062723c751e8b465ee728b)
Start importing Assets/Textures/UI/Wooden Gui/Atlas_01_MainMenu_Settings_Hud.png using Guid(ff49de8c2df400b49b8f2b3958588be6) Importer(815301076,1909f56bfc062723c751e8b465ee728b)  -> (artifact id: '28d582920374421b4d0fcd102632145b') in 0.014391 seconds 
  Import took 0.020069 seconds .

========================================================================
Received Import Request.
  Time since last request: 0.000795 seconds.
  path: Assets/Textures/UI/Wooden Gui/Atlas_01_MainMenu_Settings_Hud.png
  artifactKey: Guid(ff49de8c2df400b49b8f2b3958588be6) Importer(815301076,1909f56bfc062723c751e8b465ee728b)
Start importing Assets/Textures/UI/Wooden Gui/Atlas_01_MainMenu_Settings_Hud.png using Guid(ff49de8c2df400b49b8f2b3958588be6) Importer(815301076,1909f56bfc062723c751e8b465ee728b)  -> (artifact id: '28d582920374421b4d0fcd102632145b') in 0.010269 seconds 
  Import took 0.014715 seconds .

========================================================================
Received Import Request.
  Time since last request: 3.448996 seconds.
  path: Assets/Textures/UI/Wooden Gui/Atlas_03_Planks_Labels_Stars.png
  artifactKey: Guid(07900754a465b604e958272d574e802d) Importer(815301076,1909f56bfc062723c751e8b465ee728b)
Start importing Assets/Textures/UI/Wooden Gui/Atlas_03_Planks_Labels_Stars.png using Guid(07900754a465b604e958272d574e802d) Importer(815301076,1909f56bfc062723c751e8b465ee728b)  -> (artifact id: '4ae31b0f5f4705fffde9b215a7b3b198') in 0.011565 seconds 
  Import took 0.017051 seconds .

========================================================================
Received Import Request.
  Time since last request: 2.047575 seconds.
  path: Assets/Textures/UI/Wooden Gui/Atlas_06_Labels_Stars_Chest_Icons.png
  artifactKey: Guid(86e3bc31bc25cb54ba9fd3abb734f699) Importer(815301076,1909f56bfc062723c751e8b465ee728b)
Start importing Assets/Textures/UI/Wooden Gui/Atlas_06_Labels_Stars_Chest_Icons.png using Guid(86e3bc31bc25cb54ba9fd3abb734f699) Importer(815301076,1909f56bfc062723c751e8b465ee728b)  -> (artifact id: '49c847d5f7fbb91f6ec2e86390eb899d') in 0.012085 seconds 
  Import took 0.017807 seconds .

========================================================================
Received Import Request.
  Time since last request: 0.000424 seconds.
  path: Assets/Textures/UI/Wooden Gui/Atlas_06_Labels_Stars_Chest_Icons.png
  artifactKey: Guid(86e3bc31bc25cb54ba9fd3abb734f699) Importer(815301076,1909f56bfc062723c751e8b465ee728b)
Start importing Assets/Textures/UI/Wooden Gui/Atlas_06_Labels_Stars_Chest_Icons.png using Guid(86e3bc31bc25cb54ba9fd3abb734f699) Importer(815301076,1909f56bfc062723c751e8b465ee728b)  -> (artifact id: '49c847d5f7fbb91f6ec2e86390eb899d') in 0.007718 seconds 
  Import took 0.011945 seconds .

========================================================================
Received Import Request.
  Time since last request: 9.251828 seconds.
  path: Assets/Textures/UI/Wooden Gui/Atlas_03_Planks_Labels_Stars.png
  artifactKey: Guid(07900754a465b604e958272d574e802d) Importer(815301076,1909f56bfc062723c751e8b465ee728b)
Start importing Assets/Textures/UI/Wooden Gui/Atlas_03_Planks_Labels_Stars.png using Guid(07900754a465b604e958272d574e802d) Importer(815301076,1909f56bfc062723c751e8b465ee728b)  -> (artifact id: 'ba44a68ece95797a8ace5b95337330a7') in 0.010376 seconds 
  Import took 0.015825 seconds .

========================================================================
Received Import Request.
  Time since last request: 6.678792 seconds.
  path: Assets/Textures/UI/Wooden Gui/Atlas_03_Planks_Labels_Stars.png
  artifactKey: Guid(07900754a465b604e958272d574e802d) Importer(815301076,1909f56bfc062723c751e8b465ee728b)
Start importing Assets/Textures/UI/Wooden Gui/Atlas_03_Planks_Labels_Stars.png using Guid(07900754a465b604e958272d574e802d) Importer(815301076,1909f56bfc062723c751e8b465ee728b)  -> (artifact id: '31c49499843800d86c131d04614744d8') in 0.091240 seconds 
  Import took 0.096949 seconds .

========================================================================
Received Import Request.
  Time since last request: 6.600861 seconds.
  path: Assets/Textures/UI/Wooden Gui/Atlas_06_Labels_Stars_Chest_Icons.png
  artifactKey: Guid(86e3bc31bc25cb54ba9fd3abb734f699) Importer(815301076,1909f56bfc062723c751e8b465ee728b)
Start importing Assets/Textures/UI/Wooden Gui/Atlas_06_Labels_Stars_Chest_Icons.png using Guid(86e3bc31bc25cb54ba9fd3abb734f699) Importer(815301076,1909f56bfc062723c751e8b465ee728b)  -> (artifact id: '9dd20eb7d15c4486bcdac5dd24d2c982') in 0.019697 seconds 
  Import took 0.025241 seconds .

========================================================================
Received Import Request.
  Time since last request: 6.513434 seconds.
  path: Assets/Textures/UI/Wooden Gui/Atlas_06_Labels_Stars_Chest_Icons.png
  artifactKey: Guid(86e3bc31bc25cb54ba9fd3abb734f699) Importer(815301076,1909f56bfc062723c751e8b465ee728b)
Start importing Assets/Textures/UI/Wooden Gui/Atlas_06_Labels_Stars_Chest_Icons.png using Guid(86e3bc31bc25cb54ba9fd3abb734f699) Importer(815301076,1909f56bfc062723c751e8b465ee728b)  -> (artifact id: '49c8d767fd2a732559f45b8cc643e6ad') in 0.045180 seconds 
  Import took 0.050692 seconds .

========================================================================
Received Import Request.
  Time since last request: 7.341412 seconds.
  path: Assets/Textures/UI/Wooden Gui/Atlas_01_MainMenu_Settings_Hud.png
  artifactKey: Guid(ff49de8c2df400b49b8f2b3958588be6) Importer(815301076,1909f56bfc062723c751e8b465ee728b)
Start importing Assets/Textures/UI/Wooden Gui/Atlas_01_MainMenu_Settings_Hud.png using Guid(ff49de8c2df400b49b8f2b3958588be6) Importer(815301076,1909f56bfc062723c751e8b465ee728b)  -> (artifact id: 'ba3aabfaaa294dad3a59f1287c1224db') in 0.012894 seconds 
  Import took 0.018497 seconds .

========================================================================
Received Import Request.
  Time since last request: 0.001984 seconds.
  path: Assets/Textures/UI/Wooden Gui/Atlas_01_MainMenu_Settings_Hud.png
  artifactKey: Guid(ff49de8c2df400b49b8f2b3958588be6) Importer(815301076,1909f56bfc062723c751e8b465ee728b)
Start importing Assets/Textures/UI/Wooden Gui/Atlas_01_MainMenu_Settings_Hud.png using Guid(ff49de8c2df400b49b8f2b3958588be6) Importer(815301076,1909f56bfc062723c751e8b465ee728b)  -> (artifact id: 'ba3aabfaaa294dad3a59f1287c1224db') in 0.015714 seconds 
  Import took 0.020446 seconds .

========================================================================
Received Import Request.
  Time since last request: 12.365174 seconds.
  path: Assets/Textures/UI/Wooden Gui/Atlas_01_MainMenu_Settings_Hud.png
  artifactKey: Guid(ff49de8c2df400b49b8f2b3958588be6) Importer(815301076,1909f56bfc062723c751e8b465ee728b)
Start importing Assets/Textures/UI/Wooden Gui/Atlas_01_MainMenu_Settings_Hud.png using Guid(ff49de8c2df400b49b8f2b3958588be6) Importer(815301076,1909f56bfc062723c751e8b465ee728b)  -> (artifact id: 'aae64adb88573403df66758c7f95a8b5') in 0.129378 seconds 
  Import took 0.134929 seconds .

========================================================================
Received Prepare
Registering precompiled user dll's ...
Registered in 0.005395 seconds.
Begin MonoManager ReloadAssembly
Native extension for WindowsStandalone target not found
Native extension for WebGL target not found
Refreshing native plugins compatible for Editor in 1.55 ms, found 3 plugins.
Preloading 0 native plugins for Editor in 0.00 ms.
Mono: successfully reloaded assembly
- Completed reload, in  0.776 seconds
Domain Reload Profiling:
	ReloadAssembly (776ms)
		BeginReloadAssembly (90ms)
			ExecutionOrderSort (0ms)
			DisableScriptedObjects (3ms)
			BackupInstance (0ms)
			ReleaseScriptingObjects (0ms)
			CreateAndSetChildDomain (28ms)
		EndReloadAssembly (644ms)
			LoadAssemblies (69ms)
			RebuildTransferFunctionScriptingTraits (0ms)
			SetupTypeCache (208ms)
			ReleaseScriptCaches (1ms)
			RebuildScriptCaches (30ms)
			SetupLoadedEditorAssemblies (246ms)
				LogAssemblyErrors (0ms)
				InitializePlatformSupportModulesInManaged (3ms)
				SetLoadedEditorAssemblies (0ms)
				RefreshPlugins (2ms)
				BeforeProcessingInitializeOnLoad (68ms)
				ProcessInitializeOnLoadAttributes (162ms)
				ProcessInitializeOnLoadMethodAttributes (5ms)
				AfterProcessingInitializeOnLoad (5ms)
				EditorAssembliesLoaded (0ms)
			ExecutionOrderSort2 (0ms)
			AwakeInstancesAfterBackupRestoration (9ms)
Platform modules already initialized, skipping
Shader 'MoreMountains/MMRipple': fallback shader 'Particle/AlphaBlended' not found
Shader 'Universal Render Pipeline/Particles/Lit': fallback shader 'Universal Render Pipeline/Particles/SimpleLit' not found
Refreshing native plugins compatible for Editor in 1.58 ms, found 3 plugins.
Preloading 0 native plugins for Editor in 0.00 ms.
Unloading 4224 Unused Serialized files (Serialized files now loaded: 0)
System memory in use before: 286.8 MB.
System memory in use after: 287.0 MB.

Unloading 29 unused Assets to reduce memory usage. Loaded Objects now: 5171.
Total: 2.486700 ms (FindLiveObjects: 0.304200 ms CreateObjectMapping: 0.122300 ms MarkObjects: 1.998700 ms  DeleteObjects: 0.060900 ms)

AssetImportParameters requested are different than current active one (requested -> active):
  custom:framework-win-MediaFoundation: 216162199b28c13a410421893ffa2e32 -> 
  custom:video-decoder-ogg-theora: a1e56fd34408186e4bbccfd4996cb3dc -> 
  custom:container-muxer-webm: aa71ff27fc2769a1b78a27578f13a17b -> 
  custom:container-demuxer-webm: 4f35f7cbe854078d1ac9338744f61a02 -> 
  custom:container-demuxer-ogg: 62fdf1f143b41e24485cea50d1cbac27 -> 
  custom:video-encoder-webm-vp8: eb34c28f22e8b96e1ab97ce403110664 -> 
  custom:video-decoder-webm-vp8: 9c59270c3fd7afecdb556c50c9e8de78 -> 
  custom:audio-decoder-ogg-vorbis: bf7c407c2cedff20999df2af8eb42d56 -> 
  custom:audio-encoder-webm-vorbis: bf7c407c2cedff20999df2af8eb42d56 -> 
========================================================================
Received Prepare
Registering precompiled user dll's ...
Registered in 0.005373 seconds.
Begin MonoManager ReloadAssembly
Native extension for WindowsStandalone target not found
Native extension for WebGL target not found
Refreshing native plugins compatible for Editor in 1.51 ms, found 3 plugins.
Preloading 0 native plugins for Editor in 0.00 ms.
Mono: successfully reloaded assembly
- Completed reload, in  0.765 seconds
Domain Reload Profiling:
	ReloadAssembly (766ms)
		BeginReloadAssembly (83ms)
			ExecutionOrderSort (0ms)
			DisableScriptedObjects (3ms)
			BackupInstance (0ms)
			ReleaseScriptingObjects (0ms)
			CreateAndSetChildDomain (26ms)
		EndReloadAssembly (641ms)
			LoadAssemblies (67ms)
			RebuildTransferFunctionScriptingTraits (0ms)
			SetupTypeCache (206ms)
			ReleaseScriptCaches (1ms)
			RebuildScriptCaches (30ms)
			SetupLoadedEditorAssemblies (248ms)
				LogAssemblyErrors (0ms)
				InitializePlatformSupportModulesInManaged (3ms)
				SetLoadedEditorAssemblies (0ms)
				RefreshPlugins (2ms)
				BeforeProcessingInitializeOnLoad (68ms)
				ProcessInitializeOnLoadAttributes (165ms)
				ProcessInitializeOnLoadMethodAttributes (5ms)
				AfterProcessingInitializeOnLoad (5ms)
				EditorAssembliesLoaded (0ms)
			ExecutionOrderSort2 (0ms)
			AwakeInstancesAfterBackupRestoration (10ms)
Platform modules already initialized, skipping
Shader 'MoreMountains/MMRipple': fallback shader 'Particle/AlphaBlended' not found
Shader 'Universal Render Pipeline/Particles/Lit': fallback shader 'Universal Render Pipeline/Particles/SimpleLit' not found
Refreshing native plugins compatible for Editor in 1.56 ms, found 3 plugins.
Preloading 0 native plugins for Editor in 0.00 ms.
Unloading 4224 Unused Serialized files (Serialized files now loaded: 0)
System memory in use before: 286.8 MB.
System memory in use after: 287.0 MB.

Unloading 29 unused Assets to reduce memory usage. Loaded Objects now: 5174.
Total: 2.667300 ms (FindLiveObjects: 0.377900 ms CreateObjectMapping: 0.146400 ms MarkObjects: 2.084400 ms  DeleteObjects: 0.057800 ms)

AssetImportParameters requested are different than current active one (requested -> active):
  custom:framework-win-MediaFoundation: 216162199b28c13a410421893ffa2e32 -> 
  custom:video-decoder-ogg-theora: a1e56fd34408186e4bbccfd4996cb3dc -> 
  custom:container-muxer-webm: aa71ff27fc2769a1b78a27578f13a17b -> 
  custom:container-demuxer-webm: 4f35f7cbe854078d1ac9338744f61a02 -> 
  custom:container-demuxer-ogg: 62fdf1f143b41e24485cea50d1cbac27 -> 
  custom:video-encoder-webm-vp8: eb34c28f22e8b96e1ab97ce403110664 -> 
  custom:video-decoder-webm-vp8: 9c59270c3fd7afecdb556c50c9e8de78 -> 
  custom:audio-decoder-ogg-vorbis: bf7c407c2cedff20999df2af8eb42d56 -> 
  custom:audio-encoder-webm-vorbis: bf7c407c2cedff20999df2af8eb42d56 -> 
========================================================================
Received Prepare
Registering precompiled user dll's ...
Registered in 0.005425 seconds.
Begin MonoManager ReloadAssembly
Native extension for WindowsStandalone target not found
Native extension for WebGL target not found
Refreshing native plugins compatible for Editor in 1.53 ms, found 3 plugins.
Preloading 0 native plugins for Editor in 0.00 ms.
Mono: successfully reloaded assembly
- Completed reload, in  0.774 seconds
Domain Reload Profiling:
	ReloadAssembly (774ms)
		BeginReloadAssembly (85ms)
			ExecutionOrderSort (0ms)
			DisableScriptedObjects (3ms)
			BackupInstance (0ms)
			ReleaseScriptingObjects (0ms)
			CreateAndSetChildDomain (26ms)
		EndReloadAssembly (648ms)
			LoadAssemblies (67ms)
			RebuildTransferFunctionScriptingTraits (0ms)
			SetupTypeCache (209ms)
			ReleaseScriptCaches (1ms)
			RebuildScriptCaches (31ms)
			SetupLoadedEditorAssemblies (249ms)
				LogAssemblyErrors (0ms)
				InitializePlatformSupportModulesInManaged (3ms)
				SetLoadedEditorAssemblies (0ms)
				RefreshPlugins (2ms)
				BeforeProcessingInitializeOnLoad (71ms)
				ProcessInitializeOnLoadAttributes (161ms)
				ProcessInitializeOnLoadMethodAttributes (6ms)
				AfterProcessingInitializeOnLoad (5ms)
				EditorAssembliesLoaded (0ms)
			ExecutionOrderSort2 (0ms)
			AwakeInstancesAfterBackupRestoration (10ms)
Platform modules already initialized, skipping
Shader 'MoreMountains/MMRipple': fallback shader 'Particle/AlphaBlended' not found
Shader 'Universal Render Pipeline/Particles/Lit': fallback shader 'Universal Render Pipeline/Particles/SimpleLit' not found
Refreshing native plugins compatible for Editor in 1.58 ms, found 3 plugins.
Preloading 0 native plugins for Editor in 0.00 ms.
Unloading 4224 Unused Serialized files (Serialized files now loaded: 0)
System memory in use before: 286.8 MB.
System memory in use after: 287.0 MB.

Unloading 29 unused Assets to reduce memory usage. Loaded Objects now: 5177.
Total: 2.354500 ms (FindLiveObjects: 0.339800 ms CreateObjectMapping: 0.104900 ms MarkObjects: 1.858600 ms  DeleteObjects: 0.050600 ms)

AssetImportParameters requested are different than current active one (requested -> active):
  custom:framework-win-MediaFoundation: 216162199b28c13a410421893ffa2e32 -> 
  custom:video-decoder-ogg-theora: a1e56fd34408186e4bbccfd4996cb3dc -> 
  custom:container-muxer-webm: aa71ff27fc2769a1b78a27578f13a17b -> 
  custom:container-demuxer-webm: 4f35f7cbe854078d1ac9338744f61a02 -> 
  custom:container-demuxer-ogg: 62fdf1f143b41e24485cea50d1cbac27 -> 
  custom:video-encoder-webm-vp8: eb34c28f22e8b96e1ab97ce403110664 -> 
  custom:video-decoder-webm-vp8: 9c59270c3fd7afecdb556c50c9e8de78 -> 
  custom:audio-decoder-ogg-vorbis: bf7c407c2cedff20999df2af8eb42d56 -> 
  custom:audio-encoder-webm-vorbis: bf7c407c2cedff20999df2af8eb42d56 -> 
========================================================================
Received Import Request.
  Time since last request: 1192.443293 seconds.
  path: Assets/Resources/PhotonPrefabs/WasserSpieler.prefab
  artifactKey: Guid(2ad15c84b7a9b4486a188c3a9149eb88) Importer(815301076,1909f56bfc062723c751e8b465ee728b)
Start importing Assets/Resources/PhotonPrefabs/WasserSpieler.prefab using Guid(2ad15c84b7a9b4486a188c3a9149eb88) Importer(815301076,1909f56bfc062723c751e8b465ee728b)  -> (artifact id: '73220ba6cf0299cdbe5998c024534b6b') in 0.229028 seconds 
  Import took 0.236553 seconds .

========================================================================
Received Prepare
Registering precompiled user dll's ...
Registered in 0.005685 seconds.
Begin MonoManager ReloadAssembly
Native extension for WindowsStandalone target not found
Native extension for WebGL target not found
Refreshing native plugins compatible for Editor in 1.50 ms, found 3 plugins.
Preloading 0 native plugins for Editor in 0.00 ms.
Mono: successfully reloaded assembly
- Completed reload, in  0.773 seconds
Domain Reload Profiling:
	ReloadAssembly (774ms)
		BeginReloadAssembly (94ms)
			ExecutionOrderSort (0ms)
			DisableScriptedObjects (5ms)
			BackupInstance (0ms)
			ReleaseScriptingObjects (0ms)
			CreateAndSetChildDomain (31ms)
		EndReloadAssembly (637ms)
			LoadAssemblies (72ms)
			RebuildTransferFunctionScriptingTraits (0ms)
			SetupTypeCache (204ms)
			ReleaseScriptCaches (1ms)
			RebuildScriptCaches (30ms)
			SetupLoadedEditorAssemblies (242ms)
				LogAssemblyErrors (0ms)
				InitializePlatformSupportModulesInManaged (3ms)
				SetLoadedEditorAssemblies (0ms)
				RefreshPlugins (2ms)
				BeforeProcessingInitializeOnLoad (68ms)
				ProcessInitializeOnLoadAttributes (157ms)
				ProcessInitializeOnLoadMethodAttributes (5ms)
				AfterProcessingInitializeOnLoad (5ms)
				EditorAssembliesLoaded (0ms)
			ExecutionOrderSort2 (0ms)
			AwakeInstancesAfterBackupRestoration (10ms)
Platform modules already initialized, skipping
Shader 'MoreMountains/MMRipple': fallback shader 'Particle/AlphaBlended' not found
Shader 'Universal Render Pipeline/Particles/Lit': fallback shader 'Universal Render Pipeline/Particles/SimpleLit' not found
Refreshing native plugins compatible for Editor in 1.73 ms, found 3 plugins.
Preloading 0 native plugins for Editor in 0.00 ms.
Unloading 4224 Unused Serialized files (Serialized files now loaded: 0)
System memory in use before: 286.9 MB.
System memory in use after: 287.2 MB.

Unloading 32 unused Assets to reduce memory usage. Loaded Objects now: 5216.
Total: 2.717700 ms (FindLiveObjects: 0.382000 ms CreateObjectMapping: 0.112000 ms MarkObjects: 2.159000 ms  DeleteObjects: 0.064200 ms)

AssetImportParameters requested are different than current active one (requested -> active):
  custom:framework-win-MediaFoundation: 216162199b28c13a410421893ffa2e32 -> 
  custom:video-decoder-ogg-theora: a1e56fd34408186e4bbccfd4996cb3dc -> 
  custom:container-muxer-webm: aa71ff27fc2769a1b78a27578f13a17b -> 
  custom:container-demuxer-webm: 4f35f7cbe854078d1ac9338744f61a02 -> 
  custom:container-demuxer-ogg: 62fdf1f143b41e24485cea50d1cbac27 -> 
  custom:video-encoder-webm-vp8: eb34c28f22e8b96e1ab97ce403110664 -> 
  custom:video-decoder-webm-vp8: 9c59270c3fd7afecdb556c50c9e8de78 -> 
  custom:audio-decoder-ogg-vorbis: bf7c407c2cedff20999df2af8eb42d56 -> 
  custom:audio-encoder-webm-vorbis: bf7c407c2cedff20999df2af8eb42d56 -> 
========================================================================
Received Import Request.
  Time since last request: 3.444675 seconds.
  path: Assets/Resources/PhotonPrefabs/FeuerSpieler.prefab
  artifactKey: Guid(a5521eaf5d44149e0bc7c2f0dd2e9bad) Importer(815301076,1909f56bfc062723c751e8b465ee728b)
Start importing Assets/Resources/PhotonPrefabs/FeuerSpieler.prefab using Guid(a5521eaf5d44149e0bc7c2f0dd2e9bad) Importer(815301076,1909f56bfc062723c751e8b465ee728b)  -> (artifact id: 'b86efc77c1ad9906440a94852e2cf4c6') in 0.193310 seconds 
  Import took 0.200554 seconds .

========================================================================
Received Import Request.
  Time since last request: 4.448946 seconds.
  path: Assets/Resources/PhotonPrefabs/FeuerSpieler.prefab
  artifactKey: Guid(a5521eaf5d44149e0bc7c2f0dd2e9bad) Importer(815301076,1909f56bfc062723c751e8b465ee728b)
Start importing Assets/Resources/PhotonPrefabs/FeuerSpieler.prefab using Guid(a5521eaf5d44149e0bc7c2f0dd2e9bad) Importer(815301076,1909f56bfc062723c751e8b465ee728b)  -> (artifact id: '7fa81fb14b0e5d2267932f015d40d70a') in 0.047591 seconds 
  Import took 0.054490 seconds .

========================================================================
Received Import Request.
  Time since last request: 14.587573 seconds.
  path: Assets/Resources/PhotonPrefabs/FeuerSpieler.prefab
  artifactKey: Guid(a5521eaf5d44149e0bc7c2f0dd2e9bad) Importer(815301076,1909f56bfc062723c751e8b465ee728b)
Start importing Assets/Resources/PhotonPrefabs/FeuerSpieler.prefab using Guid(a5521eaf5d44149e0bc7c2f0dd2e9bad) Importer(815301076,1909f56bfc062723c751e8b465ee728b)  -> (artifact id: 'b8edba58b978ead1b1fb32dd04b2f9c4') in 0.043565 seconds 
  Import took 0.050436 seconds .

========================================================================
Received Import Request.
  Time since last request: 18.893803 seconds.
  path: Assets/Resources/PhotonPrefabs/FeuerSpieler.prefab
  artifactKey: Guid(a5521eaf5d44149e0bc7c2f0dd2e9bad) Importer(815301076,1909f56bfc062723c751e8b465ee728b)
Start importing Assets/Resources/PhotonPrefabs/FeuerSpieler.prefab using Guid(a5521eaf5d44149e0bc7c2f0dd2e9bad) Importer(815301076,1909f56bfc062723c751e8b465ee728b)  -> (artifact id: '29706844d3575000360827d70cc9f059') in 0.044587 seconds 
  Import took 0.051432 seconds .

========================================================================
Received Import Request.
  Time since last request: 12.796455 seconds.
  path: Assets/Resources/PhotonPrefabs/FeuerSpieler.prefab
  artifactKey: Guid(a5521eaf5d44149e0bc7c2f0dd2e9bad) Importer(815301076,1909f56bfc062723c751e8b465ee728b)
Start importing Assets/Resources/PhotonPrefabs/FeuerSpieler.prefab using Guid(a5521eaf5d44149e0bc7c2f0dd2e9bad) Importer(815301076,1909f56bfc062723c751e8b465ee728b)  -> (artifact id: 'e3580d22b351ee63fe4f8746a8beb222') in 0.043240 seconds 
  Import took 0.050050 seconds .

========================================================================
Received Import Request.
  Time since last request: 13.032059 seconds.
  path: Assets/Resources/PhotonPrefabs/FeuerSpieler.prefab
  artifactKey: Guid(a5521eaf5d44149e0bc7c2f0dd2e9bad) Importer(815301076,1909f56bfc062723c751e8b465ee728b)
Start importing Assets/Resources/PhotonPrefabs/FeuerSpieler.prefab using Guid(a5521eaf5d44149e0bc7c2f0dd2e9bad) Importer(815301076,1909f56bfc062723c751e8b465ee728b)  -> (artifact id: '0495db9b05986c37eb8d41cd583f8f6d') in 0.043076 seconds 
  Import took 0.049940 seconds .

========================================================================
Received Import Request.
  Time since last request: 16.107412 seconds.
  path: Assets/Resources/PhotonPrefabs/FeuerSpieler.prefab
  artifactKey: Guid(a5521eaf5d44149e0bc7c2f0dd2e9bad) Importer(815301076,1909f56bfc062723c751e8b465ee728b)
Start importing Assets/Resources/PhotonPrefabs/FeuerSpieler.prefab using Guid(a5521eaf5d44149e0bc7c2f0dd2e9bad) Importer(815301076,1909f56bfc062723c751e8b465ee728b)  -> (artifact id: 'b2ad37ef3d65406bdab39ee026114c93') in 0.043852 seconds 
  Import took 0.050965 seconds .

========================================================================
Received Prepare
Registering precompiled user dll's ...
Registered in 0.005580 seconds.
Begin MonoManager ReloadAssembly
Native extension for WindowsStandalone target not found
Native extension for WebGL target not found
Refreshing native plugins compatible for Editor in 1.54 ms, found 3 plugins.
Preloading 0 native plugins for Editor in 0.00 ms.
Mono: successfully reloaded assembly
- Completed reload, in  0.787 seconds
Domain Reload Profiling:
	ReloadAssembly (787ms)
		BeginReloadAssembly (101ms)
			ExecutionOrderSort (0ms)
			DisableScriptedObjects (5ms)
			BackupInstance (0ms)
			ReleaseScriptingObjects (0ms)
			CreateAndSetChildDomain (31ms)
		EndReloadAssembly (646ms)
			LoadAssemblies (68ms)
			RebuildTransferFunctionScriptingTraits (0ms)
			SetupTypeCache (212ms)
			ReleaseScriptCaches (1ms)
			RebuildScriptCaches (30ms)
			SetupLoadedEditorAssemblies (245ms)
				LogAssemblyErrors (0ms)
				InitializePlatformSupportModulesInManaged (3ms)
				SetLoadedEditorAssemblies (0ms)
				RefreshPlugins (2ms)
				BeforeProcessingInitializeOnLoad (68ms)
				ProcessInitializeOnLoadAttributes (161ms)
				ProcessInitializeOnLoadMethodAttributes (5ms)
				AfterProcessingInitializeOnLoad (5ms)
				EditorAssembliesLoaded (0ms)
			ExecutionOrderSort2 (0ms)
			AwakeInstancesAfterBackupRestoration (11ms)
Platform modules already initialized, skipping
Shader 'MoreMountains/MMRipple': fallback shader 'Particle/AlphaBlended' not found
Shader 'Universal Render Pipeline/Particles/Lit': fallback shader 'Universal Render Pipeline/Particles/SimpleLit' not found
Refreshing native plugins compatible for Editor in 1.57 ms, found 3 plugins.
Preloading 0 native plugins for Editor in 0.00 ms.
Unloading 4224 Unused Serialized files (Serialized files now loaded: 0)
System memory in use before: 287.2 MB.
System memory in use after: 287.4 MB.

Unloading 31 unused Assets to reduce memory usage. Loaded Objects now: 5255.
Total: 2.569400 ms (FindLiveObjects: 0.358600 ms CreateObjectMapping: 0.141700 ms MarkObjects: 2.004100 ms  DeleteObjects: 0.064300 ms)

AssetImportParameters requested are different than current active one (requested -> active):
  custom:framework-win-MediaFoundation: 216162199b28c13a410421893ffa2e32 -> 
  custom:video-decoder-ogg-theora: a1e56fd34408186e4bbccfd4996cb3dc -> 
  custom:container-muxer-webm: aa71ff27fc2769a1b78a27578f13a17b -> 
  custom:container-demuxer-webm: 4f35f7cbe854078d1ac9338744f61a02 -> 
  custom:container-demuxer-ogg: 62fdf1f143b41e24485cea50d1cbac27 -> 
  custom:video-encoder-webm-vp8: eb34c28f22e8b96e1ab97ce403110664 -> 
  custom:video-decoder-webm-vp8: 9c59270c3fd7afecdb556c50c9e8de78 -> 
  custom:audio-decoder-ogg-vorbis: bf7c407c2cedff20999df2af8eb42d56 -> 
  custom:audio-encoder-webm-vorbis: bf7c407c2cedff20999df2af8eb42d56 -> 
========================================================================
Received Import Request.
  Time since last request: 34.445227 seconds.
  path: Assets/Resources/PhotonPrefabs/FeuerSpieler.prefab
  artifactKey: Guid(a5521eaf5d44149e0bc7c2f0dd2e9bad) Importer(815301076,1909f56bfc062723c751e8b465ee728b)
Start importing Assets/Resources/PhotonPrefabs/FeuerSpieler.prefab using Guid(a5521eaf5d44149e0bc7c2f0dd2e9bad) Importer(815301076,1909f56bfc062723c751e8b465ee728b)  -> (artifact id: '03441ff8d9480dc1093c42d07bf311d2') in 0.197899 seconds 
  Import took 0.205163 seconds .

========================================================================
Received Import Request.
  Time since last request: 0.000132 seconds.
  path: Assets/Resources/PhotonPrefabs/FeuerSpieler.prefab
  artifactKey: Guid(a5521eaf5d44149e0bc7c2f0dd2e9bad) Importer(815301076,1909f56bfc062723c751e8b465ee728b)
Start importing Assets/Resources/PhotonPrefabs/FeuerSpieler.prefab using Guid(a5521eaf5d44149e0bc7c2f0dd2e9bad) Importer(815301076,1909f56bfc062723c751e8b465ee728b)  -> (artifact id: '3468cc7e341c048d4e4354d57d3f158d') in 0.046129 seconds 
  Import took 0.052521 seconds .

========================================================================
Received Import Request.
  Time since last request: 0.086957 seconds.
  path: Assets/Resources/PhotonPrefabs/FeuerSpieler.prefab
  artifactKey: Guid(a5521eaf5d44149e0bc7c2f0dd2e9bad) Importer(815301076,1909f56bfc062723c751e8b465ee728b)
Start importing Assets/Resources/PhotonPrefabs/FeuerSpieler.prefab using Guid(a5521eaf5d44149e0bc7c2f0dd2e9bad) Importer(815301076,1909f56bfc062723c751e8b465ee728b)  -> (artifact id: '3468cc7e341c048d4e4354d57d3f158d') in 0.062054 seconds 
  Import took 0.068945 seconds .

========================================================================
Received Import Request.
  Time since last request: 2.450759 seconds.
  path: Assets/Resources/PhotonPrefabs/FeuerSpieler.prefab
  artifactKey: Guid(a5521eaf5d44149e0bc7c2f0dd2e9bad) Importer(815301076,1909f56bfc062723c751e8b465ee728b)
Start importing Assets/Resources/PhotonPrefabs/FeuerSpieler.prefab using Guid(a5521eaf5d44149e0bc7c2f0dd2e9bad) Importer(815301076,1909f56bfc062723c751e8b465ee728b)  -> (artifact id: 'a5b6e50a924b25a7d3eab6a8ed8b7d7b') in 0.047915 seconds 
  Import took 0.055108 seconds .

========================================================================
Received Import Request.
  Time since last request: 6.807592 seconds.
  path: Assets/Resources/PhotonPrefabs/FeuerSpieler.prefab
  artifactKey: Guid(a5521eaf5d44149e0bc7c2f0dd2e9bad) Importer(815301076,1909f56bfc062723c751e8b465ee728b)
Start importing Assets/Resources/PhotonPrefabs/FeuerSpieler.prefab using Guid(a5521eaf5d44149e0bc7c2f0dd2e9bad) Importer(815301076,1909f56bfc062723c751e8b465ee728b)  -> (artifact id: 'e51fbaa796a9aec2005c81995ab58a12') in 0.042818 seconds 
  Import took 0.049516 seconds .

========================================================================
Received Import Request.
  Time since last request: 2.775812 seconds.
  path: Assets/Resources/PhotonPrefabs/FeuerSpieler.prefab
  artifactKey: Guid(a5521eaf5d44149e0bc7c2f0dd2e9bad) Importer(815301076,1909f56bfc062723c751e8b465ee728b)
Start importing Assets/Resources/PhotonPrefabs/FeuerSpieler.prefab using Guid(a5521eaf5d44149e0bc7c2f0dd2e9bad) Importer(815301076,1909f56bfc062723c751e8b465ee728b)  -> (artifact id: 'c1493eb341fba00515de5ce2e8217fd9') in 0.042703 seconds 
  Import took 0.049459 seconds .

========================================================================
Received Import Request.
  Time since last request: 2.577359 seconds.
  path: Assets/Resources/PhotonPrefabs/FeuerSpieler.prefab
  artifactKey: Guid(a5521eaf5d44149e0bc7c2f0dd2e9bad) Importer(815301076,1909f56bfc062723c751e8b465ee728b)
Start importing Assets/Resources/PhotonPrefabs/FeuerSpieler.prefab using Guid(a5521eaf5d44149e0bc7c2f0dd2e9bad) Importer(815301076,1909f56bfc062723c751e8b465ee728b)  -> (artifact id: '4f39bf7310ef0f596c64126002046cc9') in 0.042601 seconds 
  Import took 0.049504 seconds .

========================================================================
Received Import Request.
  Time since last request: 3.382008 seconds.
  path: Assets/Resources/PhotonPrefabs/FeuerSpieler.prefab
  artifactKey: Guid(a5521eaf5d44149e0bc7c2f0dd2e9bad) Importer(815301076,1909f56bfc062723c751e8b465ee728b)
Start importing Assets/Resources/PhotonPrefabs/FeuerSpieler.prefab using Guid(a5521eaf5d44149e0bc7c2f0dd2e9bad) Importer(815301076,1909f56bfc062723c751e8b465ee728b)  -> (artifact id: '265f63299b1d53143997a4dabff93f48') in 0.041154 seconds 
  Import took 0.048398 seconds .

========================================================================
Received Import Request.
  Time since last request: 12.841465 seconds.
  path: Assets/Resources/PhotonPrefabs/FeuerSpieler.prefab
  artifactKey: Guid(a5521eaf5d44149e0bc7c2f0dd2e9bad) Importer(815301076,1909f56bfc062723c751e8b465ee728b)
Start importing Assets/Resources/PhotonPrefabs/FeuerSpieler.prefab using Guid(a5521eaf5d44149e0bc7c2f0dd2e9bad) Importer(815301076,1909f56bfc062723c751e8b465ee728b)  -> (artifact id: '91cd24aca443ecbcf565b9864e83ef94') in 0.048059 seconds 
  Import took 0.056130 seconds .

========================================================================
Received Import Request.
  Time since last request: 9.634440 seconds.
  path: Assets/Resources/PhotonPrefabs/FeuerSpieler.prefab
  artifactKey: Guid(a5521eaf5d44149e0bc7c2f0dd2e9bad) Importer(815301076,1909f56bfc062723c751e8b465ee728b)
Start importing Assets/Resources/PhotonPrefabs/FeuerSpieler.prefab using Guid(a5521eaf5d44149e0bc7c2f0dd2e9bad) Importer(815301076,1909f56bfc062723c751e8b465ee728b)  -> (artifact id: '8e5351f1409876d21e81966fea9842e8') in 0.047111 seconds 
  Import took 0.053776 seconds .

========================================================================
Received Import Request.
  Time since last request: 4.594554 seconds.
  path: Assets/Resources/PhotonPrefabs/FeuerSpieler.prefab
  artifactKey: Guid(a5521eaf5d44149e0bc7c2f0dd2e9bad) Importer(815301076,1909f56bfc062723c751e8b465ee728b)
Start importing Assets/Resources/PhotonPrefabs/FeuerSpieler.prefab using Guid(a5521eaf5d44149e0bc7c2f0dd2e9bad) Importer(815301076,1909f56bfc062723c751e8b465ee728b)  -> (artifact id: '6513079b55303b521127eab1c5278da6') in 0.043503 seconds 
  Import took 0.050272 seconds .

========================================================================
Received Import Request.
  Time since last request: 2.976091 seconds.
  path: Assets/Resources/PhotonPrefabs/FeuerSpieler.prefab
  artifactKey: Guid(a5521eaf5d44149e0bc7c2f0dd2e9bad) Importer(815301076,1909f56bfc062723c751e8b465ee728b)
Start importing Assets/Resources/PhotonPrefabs/FeuerSpieler.prefab using Guid(a5521eaf5d44149e0bc7c2f0dd2e9bad) Importer(815301076,1909f56bfc062723c751e8b465ee728b)  -> (artifact id: '44add97ea88df91d683b641d3dd5811a') in 0.042968 seconds 
  Import took 0.049873 seconds .

========================================================================
Received Import Request.
  Time since last request: 3.978963 seconds.
  path: Assets/Resources/PhotonPrefabs/FeuerSpieler.prefab
  artifactKey: Guid(a5521eaf5d44149e0bc7c2f0dd2e9bad) Importer(815301076,1909f56bfc062723c751e8b465ee728b)
Start importing Assets/Resources/PhotonPrefabs/FeuerSpieler.prefab using Guid(a5521eaf5d44149e0bc7c2f0dd2e9bad) Importer(815301076,1909f56bfc062723c751e8b465ee728b)  -> (artifact id: '8125461a0ecce7b8785f1ab6d31033df') in 0.043546 seconds 
  Import took 0.050591 seconds .

========================================================================
Received Import Request.
  Time since last request: 7.395389 seconds.
  path: Assets/Resources/PhotonPrefabs/FeuerSpieler.prefab
  artifactKey: Guid(a5521eaf5d44149e0bc7c2f0dd2e9bad) Importer(815301076,1909f56bfc062723c751e8b465ee728b)
Start importing Assets/Resources/PhotonPrefabs/FeuerSpieler.prefab using Guid(a5521eaf5d44149e0bc7c2f0dd2e9bad) Importer(815301076,1909f56bfc062723c751e8b465ee728b)  -> (artifact id: '7620a6e3fa13d5754d8f44f1153375d5') in 0.043341 seconds 
  Import took 0.050091 seconds .

========================================================================
Received Import Request.
  Time since last request: 5.604945 seconds.
  path: Assets/Resources/PhotonPrefabs/FeuerSpieler.prefab
  artifactKey: Guid(a5521eaf5d44149e0bc7c2f0dd2e9bad) Importer(815301076,1909f56bfc062723c751e8b465ee728b)
Start importing Assets/Resources/PhotonPrefabs/FeuerSpieler.prefab using Guid(a5521eaf5d44149e0bc7c2f0dd2e9bad) Importer(815301076,1909f56bfc062723c751e8b465ee728b)  -> (artifact id: '922a02ad2a6c7ab3905f5d851e78e17d') in 0.044829 seconds 
  Import took 0.051549 seconds .

========================================================================
Received Import Request.
  Time since last request: 7.017051 seconds.
  path: Assets/Resources/PhotonPrefabs/FeuerSpieler.prefab
  artifactKey: Guid(a5521eaf5d44149e0bc7c2f0dd2e9bad) Importer(815301076,1909f56bfc062723c751e8b465ee728b)
Start importing Assets/Resources/PhotonPrefabs/FeuerSpieler.prefab using Guid(a5521eaf5d44149e0bc7c2f0dd2e9bad) Importer(815301076,1909f56bfc062723c751e8b465ee728b)  -> (artifact id: 'c5aebd3f1677019d9d383083b07175ef') in 0.041928 seconds 
  Import took 0.049184 seconds .

========================================================================
Received Import Request.
  Time since last request: 2.981800 seconds.
  path: Assets/Resources/PhotonPrefabs/FeuerSpieler.prefab
  artifactKey: Guid(a5521eaf5d44149e0bc7c2f0dd2e9bad) Importer(815301076,1909f56bfc062723c751e8b465ee728b)
Start importing Assets/Resources/PhotonPrefabs/FeuerSpieler.prefab using Guid(a5521eaf5d44149e0bc7c2f0dd2e9bad) Importer(815301076,1909f56bfc062723c751e8b465ee728b)  -> (artifact id: '3c3ccf388a69e54ebc9c3f36014e95bd') in 0.053770 seconds 
  Import took 0.060655 seconds .

AssetImportWorkerClient::OnTransportError - code=2 error=End of file
